<?xml version='1.0' encoding='UTF-8'?>
<testsuites>
  <testsuite name="Test Suite" device="iPhone 15 Plus - iOS 17.0 - 01B79665-82E5-465C-9D53-1C9ABB5F72B0" tests="1" failures="1" time="34.202" timestamp="2026-08-31T12:15:57">
    <testcase id="tab-navigation" name="tab-navigation" classname="tab-navigation" file=".maestro/flows/provider/tab-navigation.yaml" time="34.191" timestamp="2026-08-31T12:15:57" status="ERROR">
      <failure>No visible element found: "Sign out"</failure>
    </testcase>
  </testsuite>
</testsuites>
