<?xml version='1.0' encoding='UTF-8'?>
<testsuites>
  <testsuite name="Test Suite" device="iPhone 18 Pro - iOS 27.0 - B7D2255D-C9EA-4BE6-8865-6B3F3E220D28" tests="1" failures="1" time="33.687" timestamp="2026-09-21T09:05:44">
    <testcase id="tab-navigation" name="tab-navigation" classname="tab-navigation" file=".maestro/flows/provider/tab-navigation.yaml" time="33.673" timestamp="2026-09-21T09:05:44" status="ERROR">
      <failure>Element not found: Text matching regex: Sign in, Index: 1</failure>
    </testcase>
  </testsuite>
</testsuites>
